<?xml version="1.0" encoding="UTF-8"?>
<testng-results ignored="0" total="1" passed="1" failed="0" skipped="0">
  <reporter-output>
  </reporter-output>
  <suite started-at="2024-04-11T14:02:31 IST" name="Default suite" finished-at="2024-04-11T14:02:33 IST" duration-ms="2136">
    <groups>
    </groups>
    <test started-at="2024-04-11T14:02:31 IST" name="Default test" finished-at="2024-04-11T14:02:33 IST" duration-ms="2136">
      <class name="Auothintication.Serielisation">
        <test-method signature="getData()[pri:0, instance:Auothintication.Serielisation@2ed2d9cb]" started-at="2024-04-11T14:02:31 IST" name="getData" finished-at="2024-04-11T14:02:33 IST" duration-ms="2076" status="PASS">
          <reporter-output>
          </reporter-output>
        </test-method> <!-- getData -->
      </class> <!-- Auothintication.Serielisation -->
    </test> <!-- Default test -->
  </suite> <!-- Default suite -->
</testng-results>
